Aug 02 07:43:48 openSUSE systemd[1]: Reached target Host and Network Name Lookups.
░░ Subject: A start job for unit nss-lookup.target has finished successfully
░░ Defined-By: systemd
░░ Support: https://lists.freedesktop.org/mailman/listinfo/systemd-devel
░░ 
░░ A start job for unit nss-lookup.target has finished successfully.
░░ 
░░ The job identifier is 96.
Aug 02 07:43:48 openSUSE systemd[1]: Mounting RPC Pipe File System...
░░ Subject: A start job for unit var-lib-nfs-rpc_pipefs.mount has begun execution
░░ Defined-By: systemd
░░ Support: https://lists.freedesktop.org/mailman/listinfo/systemd-devel
░░ 
░░ A start job for unit var-lib-nfs-rpc_pipefs.mount has begun execution.
░░ 
░░ The job identifier is 90.
Aug 02 07:43:48 openSUSE systemd[1]: Condition check resulted in Kernel Module supporting RPCSEC_GSS being skipped.
░░ Subject: A start job for unit auth-rpcgss-module.service has finished successfully
░░ Defined-By: systemd
░░ Support: https://lists.freedesktop.org/mailman/listinfo/systemd-devel
░░ 
░░ A start job for unit auth-rpcgss-module.service has finished successfully.
░░ 
░░ The job identifier is 97.
Aug 02 07:43:48 openSUSE systemd[1]: Listening on RPCbind Server Activation Socket.
░░ Subject: A start job for unit rpcbind.socket has finished successfully
░░ Defined-By: systemd
░░ Support: https://lists.freedesktop.org/mailman/listinfo/systemd-devel
░░ 
░░ A start job for unit rpcbind.socket has finished successfully.
░░ 
░░ The job identifier is 92.
Aug 02 07:43:48 openSUSE systemd[1]: Reached target RPC Port Mapper.
░░ Subject: A start job for unit rpcbind.target has finished successfully
░░ Defined-By: systemd
░░ Support: https://lists.freedesktop.org/mailman/listinfo/systemd-devel
░░ 
░░ A start job for unit rpcbind.target has finished successfully.
░░ 
░░ The job identifier is 93.
Aug 02 07:43:48 openSUSE mount[5708]: mount: /var/lib/nfs/rpc_pipefs: permission denied.
Aug 02 07:43:48 openSUSE systemd[1]: Mounting NFSD configuration filesystem...
░░ Subject: A start job for unit proc-fs-nfsd.mount has begun execution
░░ Defined-By: systemd
░░ Support: https://lists.freedesktop.org/mailman/listinfo/systemd-devel
░░ 
░░ A start job for unit proc-fs-nfsd.mount has begun execution.
░░ 
░░ The job identifier is 82.
Aug 02 07:43:48 openSUSE systemd[1]: Starting NFS status monitor for NFSv2/3 locking....
░░ Subject: A start job for unit rpc-statd.service has begun execution
░░ Defined-By: systemd
░░ Support: https://lists.freedesktop.org/mailman/listinfo/systemd-devel
░░ 
░░ A start job for unit rpc-statd.service has begun execution.
░░ 
░░ The job identifier is 95.
Aug 02 07:43:48 openSUSE systemd[1]: var-lib-nfs-rpc_pipefs.mount: Mount process exited, code=exited, status=32/n/a
░░ Subject: Unit process exited
░░ Defined-By: systemd
░░ Support: https://lists.freedesktop.org/mailman/listinfo/systemd-devel
░░ 
░░ An n/a= process belonging to unit var-lib-nfs-rpc_pipefs.mount has exited.
░░ 
░░ The process' exit code is 'exited' and its exit status is 32.
Aug 02 07:43:48 openSUSE systemd[1]: var-lib-nfs-rpc_pipefs.mount: Failed with result 'exit-code'.
░░ Subject: Unit failed
░░ Defined-By: systemd
░░ Support: https://lists.freedesktop.org/mailman/listinfo/systemd-devel
░░ 
░░ The unit var-lib-nfs-rpc_pipefs.mount has entered the 'failed' state with result 'exit-code'.
Aug 02 07:43:48 openSUSE systemd[1]: Failed to mount RPC Pipe File System.
░░ Subject: A start job for unit var-lib-nfs-rpc_pipefs.mount has failed
░░ Defined-By: systemd
░░ Support: https://lists.freedesktop.org/mailman/listinfo/systemd-devel
░░ 
░░ A start job for unit var-lib-nfs-rpc_pipefs.mount has finished with a failure.
░░ 
░░ The job identifier is 90 and the job result is failed.
Aug 02 07:43:48 openSUSE systemd[1]: Dependency failed for NFSv4 ID-name mapping service.
░░ Subject: A start job for unit nfs-idmapd.service has failed
░░ Defined-By: systemd
░░ Support: https://lists.freedesktop.org/mailman/listinfo/systemd-devel
░░ 
░░ A start job for unit nfs-idmapd.service has finished with a failure.
░░ 
░░ The job identifier is 89 and the job result is dependency.
Aug 02 07:43:48 openSUSE systemd[1]: nfs-idmapd.service: Job nfs-idmapd.service/start failed with result 'dependency'.
Aug 02 07:43:48 openSUSE systemd[1]: Dependency failed for RPC security service for NFS server.
░░ Subject: A start job for unit rpc-svcgssd.service has failed
░░ Defined-By: systemd
░░ Support: https://lists.freedesktop.org/mailman/listinfo/systemd-devel
░░ 
░░ A start job for unit rpc-svcgssd.service has finished with a failure.
░░ 
░░ The job identifier is 99 and the job result is dependency.
Aug 02 07:43:48 openSUSE systemd[1]: rpc-svcgssd.service: Job rpc-svcgssd.service/start failed with result 'dependency'.
Aug 02 07:43:48 openSUSE systemd[1]: Dependency failed for RPC security service for NFS client and server.
░░ Subject: A start job for unit rpc-gssd.service has failed
░░ Defined-By: systemd
░░ Support: https://lists.freedesktop.org/mailman/listinfo/systemd-devel
░░ 
░░ A start job for unit rpc-gssd.service has finished with a failure.
░░ 
░░ The job identifier is 98 and the job result is dependency.
Aug 02 07:43:48 openSUSE systemd[1]: rpc-gssd.service: Job rpc-gssd.service/start failed with result 'dependency'.
Aug 02 07:43:48 openSUSE systemd[1]: Condition check resulted in Runtime Directory being skipped.
░░ Subject: A start job for unit var-run.mount has finished successfully
░░ Defined-By: systemd
░░ Support: https://lists.freedesktop.org/mailman/listinfo/systemd-devel
░░ 
░░ A start job for unit var-run.mount has finished successfully.
░░ 
░░ The job identifier is 106.
Aug 02 07:43:48 openSUSE systemd[1]: Starting RPC Bind...
░░ Subject: A start job for unit rpcbind.service has begun execution
░░ Defined-By: systemd
░░ Support: https://lists.freedesktop.org/mailman/listinfo/systemd-devel
░░ 
░░ A start job for unit rpcbind.service has begun execution.
░░ 
░░ The job identifier is 100.
Aug 02 07:43:48 openSUSE mount[5709]: mount: /proc/fs/nfsd: permission denied.
Aug 02 07:43:48 openSUSE systemd[1]: proc-fs-nfsd.mount: Mount process exited, code=exited, status=32/n/a
░░ Subject: Unit process exited
░░ Defined-By: systemd
░░ Support: https://lists.freedesktop.org/mailman/listinfo/systemd-devel
░░ 
░░ An n/a= process belonging to unit proc-fs-nfsd.mount has exited.
░░ 
░░ The process' exit code is 'exited' and its exit status is 32.
Aug 02 07:43:48 openSUSE systemd[1]: proc-fs-nfsd.mount: Failed with result 'exit-code'.
░░ Subject: Unit failed
░░ Defined-By: systemd
░░ Support: https://lists.freedesktop.org/mailman/listinfo/systemd-devel
░░ 
░░ The unit proc-fs-nfsd.mount has entered the 'failed' state with result 'exit-code'.
Aug 02 07:43:48 openSUSE systemd[1]: Failed to mount NFSD configuration filesystem.
░░ Subject: A start job for unit proc-fs-nfsd.mount has failed
░░ Defined-By: systemd
░░ Support: https://lists.freedesktop.org/mailman/listinfo/systemd-devel
░░ 
░░ A start job for unit proc-fs-nfsd.mount has finished with a failure.
░░ 
░░ The job identifier is 82 and the job result is failed.
Aug 02 07:43:48 openSUSE systemd[1]: Dependency failed for NFS Mount Daemon.
░░ Subject: A start job for unit nfs-mountd.service has failed
░░ Defined-By: systemd
░░ Support: https://lists.freedesktop.org/mailman/listinfo/systemd-devel
░░ 
░░ A start job for unit nfs-mountd.service has finished with a failure.
░░ 
░░ The job identifier is 84 and the job result is dependency.
Aug 02 07:43:48 openSUSE systemd[1]: Dependency failed for NFS server and services.
░░ Subject: A start job for unit nfs-server.service has failed
░░ Defined-By: systemd
░░ Support: https://lists.freedesktop.org/mailman/listinfo/systemd-devel
░░ 
░░ A start job for unit nfs-server.service has finished with a failure.
░░ 
░░ The job identifier is 81 and the job result is dependency.
Aug 02 07:43:48 openSUSE systemd[1]: nfs-server.service: Job nfs-server.service/start failed with result 'dependency'.
Aug 02 07:43:48 openSUSE systemd[1]: nfs-mountd.service: Job nfs-mountd.service/start failed with result 'dependency'.
Aug 02 07:43:48 openSUSE systemd[1]: Starting Notify NFS peers of a restart...
░░ Subject: A start job for unit rpc-statd-notify.service has begun execution
░░ Defined-By: systemd
░░ Support: https://lists.freedesktop.org/mailman/listinfo/systemd-devel
░░ 
░░ A start job for unit rpc-statd-notify.service has begun execution.
░░ 
░░ The job identifier is 94.
Aug 02 07:43:48 openSUSE sm-notify[5712]: Version 2.1.1 starting
Aug 02 07:43:48 openSUSE sm-notify[5712]: Unable to open /proc/fs/lockd/nlm_end_grace: Permission denied
Aug 02 07:43:48 openSUSE systemd[1]: rpc-statd-notify.service: Deactivated successfully.
░░ Subject: Unit succeeded
░░ Defined-By: systemd
░░ Support: https://lists.freedesktop.org/mailman/listinfo/systemd-devel
░░ 
░░ The unit rpc-statd-notify.service has successfully entered the 'dead' state.
Aug 02 07:43:48 openSUSE systemd[1]: Started Notify NFS peers of a restart.
░░ Subject: A start job for unit rpc-statd-notify.service has finished successfully
░░ Defined-By: systemd
░░ Support: https://lists.freedesktop.org/mailman/listinfo/systemd-devel
░░ 
░░ A start job for unit rpc-statd-notify.service has finished successfully.
░░ 
░░ The job identifier is 94.
Aug 02 07:43:48 openSUSE systemd[1]: Started RPC Bind.
░░ Subject: A start job for unit rpcbind.service has finished successfully
░░ Defined-By: systemd
░░ Support: https://lists.freedesktop.org/mailman/listinfo/systemd-devel
░░ 
░░ A start job for unit rpcbind.service has finished successfully.
░░ 
░░ The job identifier is 100.
Aug 02 07:43:48 openSUSE rpc.statd[5713]: Version 2.1.1 starting
Aug 02 07:43:48 openSUSE rpc.statd[5713]: Flags: TI-RPC
Aug 02 07:43:48 openSUSE rpc.statd[5713]: Initializing NSM state
Aug 02 07:43:48 openSUSE systemd[1]: Started NFS status monitor for NFSv2/3 locking..
░░ Subject: A start job for unit rpc-statd.service has finished successfully
░░ Defined-By: systemd
░░ Support: https://lists.freedesktop.org/mailman/listinfo/systemd-devel
░░ 
░░ A start job for unit rpc-statd.service has finished successfully.
░░ 
░░ The job identifier is 95.